生成启动时间为 2018/3/15 14:49:47。
     1>项目“F:\Tack1\Tack1\Tack1.vcxproj”在节点 2 上(Build 个目标)。
     1>ClCompile:
         E:\VS\VC\bin\CL.exe /c /IE:\GLLibs /ZI /nologo /W3 /WX- /Od /Oy- /D WIN32 /D _DEBUG /D _CONSOLE /D _LIB /D _UNICODE /D UNICODE /Gm /EHsc /RTC1 /MDd /GS /fp:precise /Zc:wchar_t /Zc:forScope /Fo"Debug\\" /Fd"Debug\vc120.pdb" /Gd /TP /analyze- /errorReport:prompt Tack1.cpp
         Tack1.cpp
     1>f:\tack1\tack1\tack1.cpp(27): warning C4244: “参数”: 从“double”转换到“GLfloat”，可能丢失数据
     1>f:\tack1\tack1\tack1.cpp(36): warning C4244: “参数”: 从“double”转换到“GLfloat”，可能丢失数据
     1>f:\tack1\tack1\tack1.cpp(44): warning C4244: “参数”: 从“double”转换到“GLfloat”，可能丢失数据
     1>f:\tack1\tack1\tack1.cpp(56): warning C4244: “参数”: 从“double”转换到“GLfloat”，可能丢失数据
     1>f:\tack1\tack1\tack1.cpp(65): warning C4244: “参数”: 从“int”转换到“GLfloat”，可能丢失数据
     1>f:\tack1\tack1\tack1.cpp(66): warning C4244: “参数”: 从“int”转换到“GLfloat”，可能丢失数据
     1>f:\tack1\tack1\tack1.cpp(67): warning C4244: “参数”: 从“double”转换到“GLfloat”，可能丢失数据
     1>f:\tack1\tack1\tack1.cpp(68): warning C4244: “参数”: 从“int”转换到“GLfloat”，可能丢失数据
     1>f:\tack1\tack1\tack1.cpp(69): warning C4244: “参数”: 从“double”转换到“GLfloat”，可能丢失数据
     1>f:\tack1\tack1\tack1.cpp(70): warning C4244: “参数”: 从“int”转换到“GLfloat”，可能丢失数据
     1>f:\tack1\tack1\tack1.cpp(77): warning C4244: “参数”: 从“int”转换到“GLfloat”，可能丢失数据
     1>f:\tack1\tack1\tack1.cpp(78): warning C4244: “参数”: 从“int”转换到“GLfloat”，可能丢失数据
     1>f:\tack1\tack1\tack1.cpp(79): warning C4244: “参数”: 从“double”转换到“GLfloat”，可能丢失数据
     1>f:\tack1\tack1\tack1.cpp(80): warning C4244: “参数”: 从“int”转换到“GLfloat”，可能丢失数据
     1>f:\tack1\tack1\tack1.cpp(81): warning C4244: “参数”: 从“double”转换到“GLfloat”，可能丢失数据
     1>f:\tack1\tack1\tack1.cpp(82): warning C4244: “参数”: 从“int”转换到“GLfloat”，可能丢失数据
     1>f:\tack1\tack1\tack1.cpp(90): warning C4244: “参数”: 从“int”转换到“GLfloat”，可能丢失数据
     1>f:\tack1\tack1\tack1.cpp(91): warning C4244: “参数”: 从“int”转换到“GLfloat”，可能丢失数据
     1>f:\tack1\tack1\tack1.cpp(92): warning C4244: “参数”: 从“int”转换到“GLfloat”，可能丢失数据
     1>f:\tack1\tack1\tack1.cpp(93): warning C4244: “参数”: 从“int”转换到“GLfloat”，可能丢失数据
       Link:
         E:\VS\VC\bin\link.exe /ERRORREPORT:PROMPT /OUT:"F:\Tack1\Debug\Tack1.exe" /INCREMENTAL /NOLOGO /LIBPATH:E:\GLLibs\libs kernel32.lib user32.lib gdi32.lib winspool.lib comdlg32.lib advapi32.lib shell32.lib ole32.lib oleaut32.lib uuid.lib odbc32.lib odbccp32.lib /MANIFEST /MANIFESTUAC:"level='asInvoker' uiAccess='false'" /manifest:embed /DEBUG /PDB:"F:\Tack1\Debug\Tack1.pdb" /SUBSYSTEM:CONSOLE /TLBID:1 /DYNAMICBASE /NXCOMPAT /IMPLIB:"F:\Tack1\Debug\Tack1.lib" /MACHINE:X86 Debug\stdafx.obj
         Debug\Tack1.obj
         Tack1.vcxproj -> F:\Tack1\Debug\Tack1.exe
     1>已完成生成项目“F:\Tack1\Tack1\Tack1.vcxproj”(Build 个目标)的操作。

生成成功。

已用时间 00:00:01.38
